#
# There is insufficient memory for the Java Runtime Environment to continue.
# Native memory allocation (malloc) failed to allocate 32744 bytes for ChunkPool::allocate
# Possible reasons:
#   The system is out of physical RAM or swap space
#   In 32 bit mode, the process size limit was hit
# Possible solutions:
#   Reduce memory load on the system
#   Increase physical memory or swap space
#   Check if swap backing store is full
#   Use 64 bit Java on a 64 bit OS
#   Decrease Java heap size (-Xmx/-Xms)
#   Decrease number of Java threads
#   Decrease Java thread stack sizes (-Xss)
#   Set larger code cache with -XX:ReservedCodeCacheSize=
# This output file may be truncated or incomplete.
#
#  Out of Memory Error (allocation.cpp:273), pid=6140, tid=0x0000000000005114
#
# JRE version: Java(TM) SE Runtime Environment (8.0_151-b12) (build 1.8.0_151-b12)
# Java VM: Java HotSpot(TM) 64-Bit Server VM (25.151-b12 mixed mode windows-amd64 compressed oops)
# Failed to write core dump. Minidumps are not enabled by default on client versions of Windows
#

---------------  T H R E A D  ---------------

Current thread (0x0000000002aa0800):  JavaThread "main" [_thread_in_native, id=20756, stack(0x00000000029a0000,0x0000000002aa0000)]

Stack: [0x00000000029a0000,0x0000000002aa0000]
[error occurred during error reporting (printing stack bounds), id 0xc0000005]

Native frames: (J=compiled Java code, j=interpreted, Vv=VM code, C=native code)

Java frames: (J=compiled Java code, j=interpreted, Vv=VM code)
j  java.util.ResourceBundle.getBundleImpl(Ljava/lang/String;Ljava/util/Locale;Ljava/lang/ClassLoader;Ljava/util/ResourceBundle$Control;)Ljava/util/ResourceBundle;+16
j  java.util.ResourceBundle.getBundle(Ljava/lang/String;Ljava/util/ResourceBundle$Control;)Ljava/util/ResourceBundle;+11
j  java.awt.Toolkit$5.run()Ljava/lang/Void;+5
j  java.awt.Toolkit$5.run()Ljava/lang/Object;+1
v  ~StubRoutines::call_stub
j  java.security.AccessController.doPrivileged(Ljava/security/PrivilegedAction;)Ljava/lang/Object;+0
j  java.awt.Toolkit.<clinit>()V+37
v  ~StubRoutines::call_stub
j  java.awt.Component.<clinit>()V+93
v  ~StubRoutines::call_stub

---------------  P R O C E S S  ---------------

Java Threads: ( => current thread )
  0x0000000016af1800 JavaThread "Service Thread" daemon [_thread_blocked, id=15784, stack(0x0000000016ed0000,0x0000000016fd0000)]
  0x000000001517a000 JavaThread "C1 CompilerThread2" daemon [_thread_in_native, id=19176, stack(0x00000000169d0000,0x0000000016ad0000)]
  0x000000001516f800 JavaThread "C2 CompilerThread1" daemon [_thread_blocked, id=10916, stack(0x00000000168d0000,0x00000000169d0000)]
  0x000000001516c000 JavaThread "C2 CompilerThread0" daemon [_thread_blocked, id=3912, stack(0x00000000167d0000,0x00000000168d0000)]
  0x000000001516a000 JavaThread "Attach Listener" daemon [_thread_blocked, id=16180, stack(0x00000000166d0000,0x00000000167d0000)]
  0x0000000015169000 JavaThread "Signal Dispatcher" daemon [_thread_blocked, id=21472, stack(0x00000000165d0000,0x00000000166d0000)]
  0x000000001515a800 JavaThread "Finalizer" daemon [_thread_blocked, id=11496, stack(0x00000000163e0000,0x00000000164e0000)]
  0x0000000002b8f000 JavaThread "Reference Handler" daemon [_thread_blocked, id=3124, stack(0x00000000162e0000,0x00000000163e0000)]
=>0x0000000002aa0800 JavaThread "main" [_thread_in_native, id=20756, stack(0x00000000029a0000,0x0000000002aa0000)]

Other Threads:
  0x0000000015137800 VMThread [stack: 0x00000000161e0000,0x00000000162e0000] [id=8964]
  0x0000000016b1e800 WatcherThread [stack: 0x0000000016fd0000,0x00000000170d0000] [id=9472]

VM state:not at safepoint (normal execution)

VM Mutex/Monitor currently owned by a thread: None

Heap:
 PSYoungGen      total 18944K, used 983K [0x00000000eb400000, 0x00000000ec900000, 0x0000000100000000)
  eden space 16384K, 6% used [0x00000000eb400000,0x00000000eb4f5cb8,0x00000000ec400000)
  from space 2560K, 0% used [0x00000000ec680000,0x00000000ec680000,0x00000000ec900000)
  to   space 2560K, 0% used [0x00000000ec400000,0x00000000ec400000,0x00000000ec680000)
 ParOldGen       total 44032K, used 0K [0x00000000c1c00000, 0x00000000c4700000, 0x00000000eb400000)
  object space 44032K, 0% used [0x00000000c1c00000,0x00000000c1c00000,0x00000000c4700000)
 Metaspace       used 3295K, capacity 4518K, committed 4864K, reserved 1056768K
  class space    used 370K, capacity 418K, committed 512K, reserved 1048576K

Card table byte_map: [0x0000000011f60000,0x0000000012160000] byte_map_base: 0x0000000011952000

Marking Bits: (ParMarkBitMap*) 0x0000000050edd850
 Begin Bits: [0x00000000126b0000, 0x0000000013640000)
 End Bits:   [0x0000000013640000, 0x00000000145d0000)

Polling page: 0x0000000000fd0000

CodeCache: size=245760Kb used=1135Kb max_used=1135Kb free=244624Kb
 bounds [0x0000000002ba0000, 0x0000000002e10000, 0x0000000011ba0000]
 total_blobs=283 nmethods=37 adapters=159
 compilation: enabled

Compilation events (10 events):
Event: 0.336 Thread 0x000000001517a000 nmethod 35 0x0000000002cba950 code [0x0000000002cbaaa0, 0x0000000002cbabb0]
Event: 0.336 Thread 0x000000001517a000   33       3       java.util.HashMap::hash (20 bytes)
Event: 0.336 Thread 0x000000001517a000 nmethod 33 0x0000000002cbac50 code [0x0000000002cbadc0, 0x0000000002cbb008]
Event: 0.336 Thread 0x000000001517a000   36       3       java.lang.StringBuilder::append (8 bytes)
Event: 0.337 Thread 0x000000001517a000 nmethod 36 0x0000000002cbb0d0 code [0x0000000002cbb240, 0x0000000002cbb3c8]
Event: 0.337 Thread 0x000000001517a000   34       1       java.io.File::getPath (5 bytes)
Event: 0.337 Thread 0x000000001517a000 nmethod 34 0x0000000002cbb450 code [0x0000000002cbb5a0, 0x0000000002cbb6b0]
Event: 0.339 Thread 0x000000001517a000   37       3       java.lang.Character::toLowerCase (6 bytes)
Event: 0.339 Thread 0x000000001517a000 nmethod 37 0x0000000002cbbe90 code [0x0000000002cbc000, 0x0000000002cbc298]
Event: 0.341 Thread 0x000000001517a000   38       3       java.lang.String::toLowerCase (439 bytes)

GC Heap History (0 events):
No events

Deoptimization events (0 events):
No events

Internal exceptions (6 events):
Event: 0.108 Thread 0x0000000002aa0800 Exception <a 'java/lang/NoSuchMethodError': Method sun.misc.Unsafe.defineClass(Ljava/lang/String;[BII)Ljava/lang/Class; name or signature does not match> (0x00000000eb407ca8) thrown at [C:\re\workspace\8-2-build-windows-amd64-cygwin\jdk8u151\9699\hotspot\
Event: 0.108 Thread 0x0000000002aa0800 Exception <a 'java/lang/NoSuchMethodError': Method sun.misc.Unsafe.prefetchRead(Ljava/lang/Object;J)V name or signature does not match> (0x00000000eb407f90) thrown at [C:\re\workspace\8-2-build-windows-amd64-cygwin\jdk8u151\9699\hotspot\src\share\vm\prims
Event: 0.340 Thread 0x0000000002aa0800 Exception <a 'java/security/PrivilegedActionException'> (0x00000000eb487fa0) thrown at [C:\re\workspace\8-2-build-windows-amd64-cygwin\jdk8u151\9699\hotspot\src\share\vm\prims\jvm.cpp, line 1390]
Event: 0.340 Thread 0x0000000002aa0800 Exception <a 'java/security/PrivilegedActionException'> (0x00000000eb4881b0) thrown at [C:\re\workspace\8-2-build-windows-amd64-cygwin\jdk8u151\9699\hotspot\src\share\vm\prims\jvm.cpp, line 1390]
Event: 0.342 Thread 0x0000000002aa0800 Exception <a 'java/security/PrivilegedActionException'> (0x00000000eb48be20) thrown at [C:\re\workspace\8-2-build-windows-amd64-cygwin\jdk8u151\9699\hotspot\src\share\vm\prims\jvm.cpp, line 1390]
Event: 0.342 Thread 0x0000000002aa0800 Exception <a 'java/security/PrivilegedActionException'> (0x00000000eb48c030) thrown at [C:\re\workspace\8-2-build-windows-amd64-cygwin\jdk8u151\9699\hotspot\src\share\vm\prims\jvm.cpp, line 1390]

Events (10 events):
Event: 0.339 loading class java/io/FileNotFoundException done
Event: 0.339 loading class java/security/PrivilegedActionException
Event: 0.340 loading class java/security/PrivilegedActionException done
Event: 0.342 loading class java/net/URLClassLoader$3$1
Event: 0.342 loading class java/net/URLClassLoader$3$1 done
Event: 0.343 loading class java/util/ResourceBundle$RBClassLoader
Event: 0.343 loading class java/util/ResourceBundle$RBClassLoader done
Event: 0.343 loading class java/util/ResourceBundle$RBClassLoader$1
Event: 0.343 loading class java/util/ResourceBundle$RBClassLoader$1 done
Event: 0.343 loading class java/util/ResourceBundle$CacheKey


Dynamic libraries:
0x00007ff794b40000 - 0x00007ff794b77000 	C:\Program Files\Java\jre1.8.0_151\bin\javaw.exe
0x00007ffdcac00000 - 0x00007ffdcade1000 	C:\WINDOWS\SYSTEM32\ntdll.dll
0x00007ffdca180000 - 0x00007ffdca232000 	C:\WINDOWS\System32\KERNEL32.DLL
0x00007ffdc7d30000 - 0x00007ffdc7fa3000 	C:\WINDOWS\System32\KERNELBASE.dll
0x00007ffdca490000 - 0x00007ffdca531000 	C:\WINDOWS\System32\ADVAPI32.dll
0x00007ffdca3f0000 - 0x00007ffdca48e000 	C:\WINDOWS\System32\msvcrt.dll
0x00007ffdca380000 - 0x00007ffdca3db000 	C:\WINDOWS\System32\sechost.dll
0x00007ffdc80f0000 - 0x00007ffdc8214000 	C:\WINDOWS\System32\RPCRT4.dll
0x00007ffdc9af0000 - 0x00007ffdc9c80000 	C:\WINDOWS\System32\USER32.dll
0x00007ffdc7920000 - 0x00007ffdc7940000 	C:\WINDOWS\System32\win32u.dll
0x00007ffdc8090000 - 0x00007ffdc80b8000 	C:\WINDOWS\System32\GDI32.dll
0x00007ffdc7b90000 - 0x00007ffdc7d22000 	C:\WINDOWS\System32\gdi32full.dll
0x00007ffdc7940000 - 0x00007ffdc79df000 	C:\WINDOWS\System32\msvcp_win.dll
0x00007ffdc7a90000 - 0x00007ffdc7b8a000 	C:\WINDOWS\System32\ucrtbase.dll
0x00007ffdbdb70000 - 0x00007ffdbddd9000 	C:\WINDOWS\WinSxS\amd64_microsoft.windows.common-controls_6595b64144ccf1df_6.0.17134.165_none_fb429645306569ac\COMCTL32.dll
0x00007ffdc97c0000 - 0x00007ffdc9ae3000 	C:\WINDOWS\System32\combase.dll
0x00007ffdc7fb0000 - 0x00007ffdc802a000 	C:\WINDOWS\System32\bcryptPrimitives.dll
0x00007ffdc80c0000 - 0x00007ffdc80ed000 	C:\WINDOWS\System32\IMM32.DLL
0x0000000050f60000 - 0x0000000051032000 	C:\Program Files\Java\jre1.8.0_151\bin\msvcr100.dll
0x00000000506c0000 - 0x0000000050f5d000 	C:\Program Files\Java\jre1.8.0_151\bin\server\jvm.dll
0x00007ffdc9de0000 - 0x00007ffdc9de8000 	C:\WINDOWS\System32\PSAPI.DLL
0x00007ffdc22c0000 - 0x00007ffdc22e3000 	C:\WINDOWS\SYSTEM32\WINMM.dll
0x00007ffdbe660000 - 0x00007ffdbe669000 	C:\WINDOWS\SYSTEM32\WSOCK32.dll
0x00007ffdca110000 - 0x00007ffdca17c000 	C:\WINDOWS\System32\WS2_32.dll
0x00007ffdb66e0000 - 0x00007ffdb66ea000 	C:\WINDOWS\SYSTEM32\VERSION.dll
0x00007ffdc2220000 - 0x00007ffdc224a000 	C:\WINDOWS\SYSTEM32\winmmbase.dll
0x00007ffdc78d0000 - 0x00007ffdc7919000 	C:\WINDOWS\System32\cfgmgr32.dll
0x00000000506b0000 - 0x00000000506bf000 	C:\Program Files\Java\jre1.8.0_151\bin\verify.dll
0x0000000050680000 - 0x00000000506a9000 	C:\Program Files\Java\jre1.8.0_151\bin\java.dll
0x0000000050660000 - 0x0000000050676000 	C:\Program Files\Java\jre1.8.0_151\bin\zip.dll
0x00007ffdc82c0000 - 0x00007ffdc9700000 	C:\WINDOWS\System32\SHELL32.dll
0x00007ffdca540000 - 0x00007ffdca5e9000 	C:\WINDOWS\System32\shcore.dll
0x00007ffdc6fd0000 - 0x00007ffdc76dd000 	C:\WINDOWS\System32\windows.storage.dll
0x00007ffdc9760000 - 0x00007ffdc97b1000 	C:\WINDOWS\System32\shlwapi.dll
0x00007ffdc6f60000 - 0x00007ffdc6f71000 	C:\WINDOWS\System32\kernel.appcore.dll
0x00007ffdc6fb0000 - 0x00007ffdc6fcf000 	C:\WINDOWS\System32\profapi.dll
0x00007ffdc6f10000 - 0x00007ffdc6f5c000 	C:\WINDOWS\System32\powrprof.dll
0x00007ffdc6f80000 - 0x00007ffdc6f8a000 	C:\WINDOWS\System32\FLTLIB.DLL

VM Arguments:
jvm_args: -Dfile.encoding=Cp1252 
java_command: LoginGui
java_class_path (initial): C:\Users\Nazmul Hossain\workspace\M_M_Nazmul_Hossain_SE_JAVA\bin;C:\Users\Nazmul Hossain\workspace\M_M_Nazmul_Hossain_SE_JAVA\mysql-connector.jar
Launcher Type: SUN_STANDARD

Environment Variables:
PATH=C:\WINDOWS\system32;C:\WINDOWS;C:\WINDOWS\System32\Wbem;C:\WINDOWS\System32\WindowsPowerShell\v1.0\;C:\WINDOWS\System32\OpenSSH\;C:\Program Files\Java\jdk1.8.0_11\bin;%USERPROFILE%\AppData\Local\Microsoft\WindowsApps;
USERNAME=Nazmul Hossain
OS=Windows_NT
PROCESSOR_IDENTIFIER=Intel64 Family 6 Model 60 Stepping 3, GenuineIntel



---------------  S Y S T E M  ---------------

OS: Windows 10.0 , 64 bit Build 17134 (10.0.17134.1)

CPU:total 4 (initial active 4) (2 cores per cpu, 2 threads per core) family 6 model 60 stepping 3, cmov, cx8, fxsr, mmx, sse, sse2, sse3, ssse3, sse4.1, sse4.2, popcnt, avx, avx2, aes, clmul, erms, lzcnt, ht, tsc, tscinvbit, bmi1, bmi2

Memory: 4k page, physical 4072556k(409028k free), swap 16655468k(3844k free)

vm_info: Java HotSpot(TM) 64-Bit Server VM (25.151-b12) for windows-amd64 JRE (1.8.0_151-b12), built on Sep  5 2017 19:33:46 by "java_re" with MS VC++ 10.0 (VS2010)

time: Mon Jul 30 02:13:10 2018
elapsed time: 0 seconds (0d 0h 0m 0s)

