#
# There is insufficient memory for the Java Runtime Environment to continue.
# Native memory allocation (malloc) failed to allocate 1048576 bytes for AllocateHeap
# Possible reasons:
#   The system is out of physical RAM or swap space
#   In 32 bit mode, the process size limit was hit
# Possible solutions:
#   Reduce memory load on the system
#   Increase physical memory or swap space
#   Check if swap backing store is full
#   Use 64 bit Java on a 64 bit OS
#   Decrease Java heap size (-Xmx/-Xms)
#   Decrease number of Java threads
#   Decrease Java thread stack sizes (-Xss)
#   Set larger code cache with -XX:ReservedCodeCacheSize=
# This output file may be truncated or incomplete.
#
#  Out of Memory Error (memory/allocation.inline.hpp:61), pid=18828, tid=0x0000000000004678
#
# JRE version:  (8.0_151-b12) (build )
# Java VM: Java HotSpot(TM) 64-Bit Server VM (25.151-b12 mixed mode windows-amd64 compressed oops)
# Failed to write core dump. Minidumps are not enabled by default on client versions of Windows
#

---------------  T H R E A D  ---------------

Current thread (0x0000000002ad0800):  JavaThread "Unknown thread" [_thread_in_vm, id=18040, stack(0x00000000028f0000,0x00000000029f0000)]

Stack: [0x00000000028f0000,0x00000000029f0000]
[error occurred during error reporting (printing stack bounds), id 0xc0000005]

Native frames: (J=compiled Java code, j=interpreted, Vv=VM code, C=native code)


---------------  P R O C E S S  ---------------

Java Threads: ( => current thread )

Other Threads:

=>0x0000000002ad0800 (exited) JavaThread "Unknown thread" [_thread_in_vm, id=18040, stack(0x00000000028f0000,0x00000000029f0000)]

VM state:not at safepoint (normal execution)

VM Mutex/Monitor currently owned by a thread: None

Heap:
 PSYoungGen      total 18944K, used 327K [0x00000000eb400000, 0x00000000ec900000, 0x0000000100000000)
  eden space 16384K, 2% used [0x00000000eb400000,0x00000000eb451ec8,0x00000000ec400000)
  from space 2560K, 0% used [0x00000000ec680000,0x00000000ec680000,0x00000000ec900000)
  to   space 2560K, 0% used [0x00000000ec400000,0x00000000ec400000,0x00000000ec680000)
 ParOldGen       total 44032K, used 0K [0x00000000c1c00000, 0x00000000c4700000, 0x00000000eb400000)
  object space 44032K, 0% used [0x00000000c1c00000,0x00000000c1c00000,0x00000000c4700000)
 Metaspace       used 746K, capacity 4480K, committed 4480K, reserved 1056768K
  class space    used 75K, capacity 384K, committed 384K, reserved 1048576K

Card table byte_map: [0x0000000011f90000,0x0000000012190000] byte_map_base: 0x0000000011982000

Marking Bits: (ParMarkBitMap*) 0x0000000050edd850
 Begin Bits: [0x00000000126e0000, 0x0000000013670000)
 End Bits:   [0x0000000013670000, 0x0000000014600000)

Polling page: 0x0000000002870000

CodeCache: size=245760Kb used=328Kb max_used=328Kb free=245431Kb
 bounds [0x0000000002bd0000, 0x0000000002e40000, 0x0000000011bd0000]
 total_blobs=58 nmethods=0 adapters=38
 compilation: enabled

Compilation events (0 events):
No events

GC Heap History (0 events):
No events

Deoptimization events (0 events):
No events

Internal exceptions (0 events):
No events

Events (10 events):
Event: 0.129 loading class java/lang/Short
Event: 0.129 loading class java/lang/Short done
Event: 0.129 loading class java/lang/Integer
Event: 0.130 loading class java/lang/Integer done
Event: 0.130 loading class java/lang/Long
Event: 0.130 loading class java/lang/Long done
Event: 0.133 loading class java/lang/NullPointerException
Event: 0.133 loading class java/lang/NullPointerException done
Event: 0.133 loading class java/lang/ArithmeticException
Event: 0.133 loading class java/lang/ArithmeticException done


Dynamic libraries:
0x00007ff794b40000 - 0x00007ff794b77000 	C:\Program Files\Java\jre1.8.0_151\bin\javaw.exe
0x00007ffdcac00000 - 0x00007ffdcade1000 	C:\WINDOWS\SYSTEM32\ntdll.dll
0x00007ffdca180000 - 0x00007ffdca232000 	C:\WINDOWS\System32\KERNEL32.DLL
0x00007ffdc7d30000 - 0x00007ffdc7fa3000 	C:\WINDOWS\System32\KERNELBASE.dll
0x00007ffdca490000 - 0x00007ffdca531000 	C:\WINDOWS\System32\ADVAPI32.dll
0x00007ffdca3f0000 - 0x00007ffdca48e000 	C:\WINDOWS\System32\msvcrt.dll
0x00007ffdca380000 - 0x00007ffdca3db000 	C:\WINDOWS\System32\sechost.dll
0x00007ffdc80f0000 - 0x00007ffdc8214000 	C:\WINDOWS\System32\RPCRT4.dll
0x00007ffdc9af0000 - 0x00007ffdc9c80000 	C:\WINDOWS\System32\USER32.dll
0x00007ffdc7920000 - 0x00007ffdc7940000 	C:\WINDOWS\System32\win32u.dll
0x00007ffdc8090000 - 0x00007ffdc80b8000 	C:\WINDOWS\System32\GDI32.dll
0x00007ffdc7b90000 - 0x00007ffdc7d22000 	C:\WINDOWS\System32\gdi32full.dll
0x00007ffdc7940000 - 0x00007ffdc79df000 	C:\WINDOWS\System32\msvcp_win.dll
0x00007ffdc7a90000 - 0x00007ffdc7b8a000 	C:\WINDOWS\System32\ucrtbase.dll
0x00007ffdbdb70000 - 0x00007ffdbddd9000 	C:\WINDOWS\WinSxS\amd64_microsoft.windows.common-controls_6595b64144ccf1df_6.0.17134.165_none_fb429645306569ac\COMCTL32.dll
0x00007ffdc97c0000 - 0x00007ffdc9ae3000 	C:\WINDOWS\System32\combase.dll
0x00007ffdc7fb0000 - 0x00007ffdc802a000 	C:\WINDOWS\System32\bcryptPrimitives.dll
0x00007ffdc80c0000 - 0x00007ffdc80ed000 	C:\WINDOWS\System32\IMM32.DLL
0x0000000050f60000 - 0x0000000051032000 	C:\Program Files\Java\jre1.8.0_151\bin\msvcr100.dll
0x00000000506c0000 - 0x0000000050f5d000 	C:\Program Files\Java\jre1.8.0_151\bin\server\jvm.dll
0x00007ffdc9de0000 - 0x00007ffdc9de8000 	C:\WINDOWS\System32\PSAPI.DLL
0x00007ffdbe660000 - 0x00007ffdbe669000 	C:\WINDOWS\SYSTEM32\WSOCK32.dll
0x00007ffdc22c0000 - 0x00007ffdc22e3000 	C:\WINDOWS\SYSTEM32\WINMM.dll
0x00007ffdca110000 - 0x00007ffdca17c000 	C:\WINDOWS\System32\WS2_32.dll
0x00007ffdb66e0000 - 0x00007ffdb66ea000 	C:\WINDOWS\SYSTEM32\VERSION.dll
0x00007ffdc2220000 - 0x00007ffdc224a000 	C:\WINDOWS\SYSTEM32\WINMMBASE.dll
0x00007ffdc78d0000 - 0x00007ffdc7919000 	C:\WINDOWS\System32\cfgmgr32.dll
0x00000000506b0000 - 0x00000000506bf000 	C:\Program Files\Java\jre1.8.0_151\bin\verify.dll
0x0000000050680000 - 0x00000000506a9000 	C:\Program Files\Java\jre1.8.0_151\bin\java.dll
0x0000000050660000 - 0x0000000050676000 	C:\Program Files\Java\jre1.8.0_151\bin\zip.dll

VM Arguments:
jvm_args: -Dfile.encoding=Cp1252 
java_command: LoginGui
java_class_path (initial): C:\Users\Nazmul Hossain\workspace\M_M_Nazmul_Hossain_SE_JAVA\bin;C:\Users\Nazmul Hossain\workspace\M_M_Nazmul_Hossain_SE_JAVA\mysql-connector.jar
Launcher Type: SUN_STANDARD

Environment Variables:
PATH=C:\WINDOWS\system32;C:\WINDOWS;C:\WINDOWS\System32\Wbem;C:\WINDOWS\System32\WindowsPowerShell\v1.0\;C:\WINDOWS\System32\OpenSSH\;C:\Program Files\Java\jdk1.8.0_11\bin;%USERPROFILE%\AppData\Local\Microsoft\WindowsApps;
USERNAME=Nazmul Hossain
OS=Windows_NT
PROCESSOR_IDENTIFIER=Intel64 Family 6 Model 60 Stepping 3, GenuineIntel



---------------  S Y S T E M  ---------------

OS: Windows 10.0 , 64 bit Build 17134 (10.0.17134.1)

CPU:total 4 (initial active 4) (2 cores per cpu, 2 threads per core) family 6 model 60 stepping 3, cmov, cx8, fxsr, mmx, sse, sse2, sse3, ssse3, sse4.1, sse4.2, popcnt, avx, avx2, aes, clmul, erms, lzcnt, ht, tsc, tscinvbit, bmi1, bmi2

Memory: 4k page, physical 4072556k(416088k free), swap 16655468k(5272k free)

vm_info: Java HotSpot(TM) 64-Bit Server VM (25.151-b12) for windows-amd64 JRE (1.8.0_151-b12), built on Sep  5 2017 19:33:46 by "java_re" with MS VC++ 10.0 (VS2010)

time: Mon Jul 30 02:12:35 2018
elapsed time: 0 seconds (0d 0h 0m 0s)

